Microsoft (R) Macro Assembler Version 6.11		    10/26/22 18:59:36
tempfile.asm						     Page 1 - 1


 0000				DATAS SEGMENT
 0000 31 32 33 34 35 36		    string DB '123456',13,10,'$'
       0D 0A 24
				    
 0009				DATAS ENDS

 0000				STACKS SEGMENT
				    ;此处输入堆栈段代码
 0000				STACKS ENDS

 0000				CODES SEGMENT
				    ASSUME CS:CODES,DS:DATAS,SS:STACKS
 0000				START:
 0000  B8 ---- R		    MOV AX,DATAS
 0003  8E D8			    MOV DS,AX
 0005  8D 1E 0000 R		    lea BX,string
 0009  8B 17			    MOV DX,[BX]
 000B  B4 02			    MOV AH,02H
 000D  CD 21			    int 21H
 000F  8B 57 05			    MOV DX,[BX+5]
 0012  B4 02			    MOV AH,02H
 0014  CD 21			    int 21H
				    
				    ;此处输入代码段代码
 0016  B4 4C			    MOV AH,4CH
 0018  CD 21			    INT 21H
 001A				CODES ENDS
				    END START
Microsoft (R) Macro Assembler Version 6.11		    10/26/22 18:59:36
tempfile.asm						     Symbols 2 - 1




Segments and Groups:

                N a m e                 Size     Length   Align   Combine Class

CODES  . . . . . . . . . . . . .	16 Bit	 001A	  Para	  Private 
DATAS  . . . . . . . . . . . . .	16 Bit	 0009	  Para	  Private 
STACKS . . . . . . . . . . . . .	16 Bit	 0000	  Para	  Private 


Symbols:

                N a m e                 Type     Value    Attr

START  . . . . . . . . . . . . .	L Near	 0000	  CODES	
string . . . . . . . . . . . . .	Byte	 0000	  DATAS	

	   0 Warnings
	   0 Errors
